<?xml version="1.0" encoding="UTF-8"?>
<!-- Generated by org.testng.reporters.JUnitReportReporter -->
<testsuite hostname="Shubham-M" failures="0" tests="1" name="com.testpoint.tests.TestCases" time="40.713" errors="0" timestamp="2022-11-09T11:09:03 IST" skipped="0">
  <testcase classname="com.testpoint.tests.TestCases" name="TestCase_01" time="40.713"/>
  <system-out/>
</testsuite> <!-- com.testpoint.tests.TestCases -->
